<?xml version="1.0" encoding="UTF-8"?>
<!-- Generated by org.testng.reporters.JUnitReportReporter -->
<testsuite name="com.qmetry.qaf.automation.step.client.Scenario" tests="1" time="62.916" ignored="0" failures="0" timestamp="21 Feb 2018 09:22:25 GMT" skipped="0" hostname="ICPL12785" errors="0">
  <testcase name="Test Flipkart" time="62.916" classname="com.qmetry.qaf.automation.step.client.Scenario"/>
</testsuite> <!-- com.qmetry.qaf.automation.step.client.Scenario -->
